#
# There is insufficient memory for the Java Runtime Environment to continue.
# Native memory allocation (malloc) failed to allocate 1080336 bytes for Chunk::new
# Possible reasons:
#   The system is out of physical RAM or swap space
#   In 32 bit mode, the process size limit was hit
# Possible solutions:
#   Reduce memory load on the system
#   Increase physical memory or swap space
#   Check if swap backing store is full
#   Use 64 bit Java on a 64 bit OS
#   Decrease Java heap size (-Xmx/-Xms)
#   Decrease number of Java threads
#   Decrease Java thread stack sizes (-Xss)
#   Set larger code cache with -XX:ReservedCodeCacheSize=
# This output file may be truncated or incomplete.
#
#  Out of Memory Error (allocation.cpp:390), pid=3736, tid=0x0000000000001314
#
# JRE version: Java(TM) SE Runtime Environment (8.0_101-b13) (build 1.8.0_101-b13)
# Java VM: Java HotSpot(TM) 64-Bit Server VM (25.101-b13 mixed mode windows-amd64 compressed oops)
# Failed to write core dump. Minidumps are not enabled by default on client versions of Windows
#

---------------  T H R E A D  ---------------

Current thread (0x0000000015032800):  JavaThread "C2 CompilerThread1" daemon [_thread_in_native, id=4884, stack(0x0000000016770000,0x0000000016870000)]

Stack: [0x0000000016770000,0x0000000016870000]
[error occurred during error reporting (printing stack bounds), id 0xc0000005]

Native frames: (J=compiled Java code, j=interpreted, Vv=VM code, C=native code)


Current CompileTask:
C2:   8554 4241   !   4       com.google.inject.spi.InjectionPoint::getInjectionPoints (506 bytes)


---------------  P R O C E S S  ---------------

Java Threads: ( => current thread )
  0x0000000016998800 JavaThread "Service Thread" daemon [_thread_blocked, id=4940, stack(0x0000000016d70000,0x0000000016e70000)]
  0x0000000015036800 JavaThread "C1 CompilerThread2" daemon [_thread_blocked, id=16516, stack(0x0000000016870000,0x0000000016970000)]
=>0x0000000015032800 JavaThread "C2 CompilerThread1" daemon [_thread_in_native, id=4884, stack(0x0000000016770000,0x0000000016870000)]
  0x000000001502f000 JavaThread "C2 CompilerThread0" daemon [_thread_in_native, id=16256, stack(0x0000000016670000,0x0000000016770000)]
  0x0000000015040000 JavaThread "Attach Listener" daemon [_thread_blocked, id=13284, stack(0x0000000016570000,0x0000000016670000)]
  0x000000001503f000 JavaThread "Signal Dispatcher" daemon [_thread_blocked, id=12244, stack(0x0000000016470000,0x0000000016570000)]
  0x0000000015020000 JavaThread "Finalizer" daemon [_thread_blocked, id=14836, stack(0x0000000016280000,0x0000000016380000)]
  0x00000000032b3000 JavaThread "Reference Handler" daemon [_thread_blocked, id=8468, stack(0x0000000016180000,0x0000000016280000)]
  0x00000000031c3800 JavaThread "main" [_thread_in_native, id=15924, stack(0x00000000030c0000,0x00000000031c0000)]

Other Threads:
  0x0000000014ff7800 VMThread [stack: 0x0000000016080000,0x0000000016180000] [id=16896]
  0x00000000169d9000 WatcherThread [stack: 0x0000000016e70000,0x0000000016f70000] [id=16796]

VM state:not at safepoint (normal execution)

VM Mutex/Monitor currently owned by a thread: None

Heap:
 PSYoungGen      total 136704K, used 120935K [0x00000000f0000000, 0x00000000f9400000, 0x0000000100000000)
  eden space 123392K, 98% used [0x00000000f0000000,0x00000000f7619ed8,0x00000000f7880000)
  from space 13312K, 0% used [0x00000000f7880000,0x00000000f7880000,0x00000000f8580000)
  to   space 11776K, 0% used [0x00000000f8580000,0x00000000f8580000,0x00000000f9100000)
 ParOldGen       total 80896K, used 26864K [0x00000000d0000000, 0x00000000d4f00000, 0x00000000f0000000)
  object space 80896K, 33% used [0x00000000d0000000,0x00000000d1a3c3c8,0x00000000d4f00000)
 Metaspace       used 26730K, capacity 27386K, committed 27648K, reserved 1073152K
  class space    used 3225K, capacity 3492K, committed 3584K, reserved 1048576K

Card table byte_map: [0x0000000012680000,0x0000000012810000] byte_map_base: 0x0000000012000000

Marking Bits: (ParMarkBitMap*) 0x000000006ed1a6d0
 Begin Bits: [0x0000000012d10000, 0x0000000013910000)
 End Bits:   [0x0000000013910000, 0x0000000014510000)

Polling page: 0x0000000001900000

CodeCache: size=245760Kb used=13187Kb max_used=13239Kb free=232573Kb
 bounds [0x00000000032c0000, 0x0000000004010000, 0x00000000122c0000]
 total_blobs=4120 nmethods=3747 adapters=285
 compilation: enabled

Compilation events (10 events):
Event: 8.488 Thread 0x0000000015036800 4276       3       org.eclipse.sisu.inject.LocatedBeans::<init> (36 bytes)
Event: 8.488 Thread 0x0000000015036800 nmethod 4276 0x00000000038784d0 code [0x0000000003878640, 0x0000000003878978]
Event: 8.488 Thread 0x0000000015036800 4277       3       org.eclipse.sisu.plexus.RealmFilter::<init> (10 bytes)
Event: 8.488 Thread 0x0000000015036800 nmethod 4277 0x0000000003878e10 code [0x0000000003878f60, 0x0000000003879130]
Event: 8.488 Thread 0x0000000015036800 4278       3       org.eclipse.sisu.plexus.DefaultPlexusBeans::<init> (10 bytes)
Event: 8.489 Thread 0x0000000015036800 nmethod 4278 0x0000000003b79550 code [0x0000000003b796a0, 0x0000000003b79870]
Event: 8.494 Thread 0x0000000015036800 4279       3       java.io.BufferedWriter::ensureOpen (18 bytes)
Event: 8.494 Thread 0x0000000015036800 nmethod 4279 0x0000000003b790d0 code [0x0000000003b79240, 0x0000000003b79488]
Event: 8.499 Thread 0x0000000015036800 4280       3       sun.nio.cs.SingleByte$Encoder::encodeArrayLoop (236 bytes)
Event: 8.501 Thread 0x0000000015036800 nmethod 4280 0x0000000003b74310 code [0x0000000003b747a0, 0x0000000003b77308]

GC Heap History (10 events):
Event: 3.532 GC heap before
{Heap before GC invocations=6 (full 0):
 PSYoungGen      total 67584K, used 67552K [0x00000000f0000000, 0x00000000f9100000, 0x0000000100000000)
  eden space 62464K, 100% used [0x00000000f0000000,0x00000000f3d00000,0x00000000f3d00000)
  from space 5120K, 99% used [0x00000000f3d00000,0x00000000f41f8040,0x00000000f4200000)
  to   space 11776K, 0% used [0x00000000f8580000,0x00000000f8580000,0x00000000f9100000)
 ParOldGen       total 83456K, used 11393K [0x00000000d0000000, 0x00000000d5180000, 0x00000000f0000000)
  object space 83456K, 13% used [0x00000000d0000000,0x00000000d0b20560,0x00000000d5180000)
 Metaspace       used 15808K, capacity 16066K, committed 16384K, reserved 1062912K
  class space    used 1848K, capacity 1983K, committed 2048K, reserved 1048576K
Event: 3.549 GC heap after
Heap after GC invocations=6 (full 0):
 PSYoungGen      total 135168K, used 11552K [0x00000000f0000000, 0x00000000f9400000, 0x0000000100000000)
  eden space 123392K, 0% used [0x00000000f0000000,0x00000000f0000000,0x00000000f7880000)
  from space 11776K, 98% used [0x00000000f8580000,0x00000000f90c8020,0x00000000f9100000)
  to   space 13312K, 0% used [0x00000000f7880000,0x00000000f7880000,0x00000000f8580000)
 ParOldGen       total 83456K, used 11393K [0x00000000d0000000, 0x00000000d5180000, 0x00000000f0000000)
  object space 83456K, 13% used [0x00000000d0000000,0x00000000d0b20560,0x00000000d5180000)
 Metaspace       used 15808K, capacity 16066K, committed 16384K, reserved 1062912K
  class space    used 1848K, capacity 1983K, committed 2048K, reserved 1048576K
}
Event: 4.237 GC heap before
{Heap before GC invocations=7 (full 0):
 PSYoungGen      total 135168K, used 134944K [0x00000000f0000000, 0x00000000f9400000, 0x0000000100000000)
  eden space 123392K, 100% used [0x00000000f0000000,0x00000000f7880000,0x00000000f7880000)
  from space 11776K, 98% used [0x00000000f8580000,0x00000000f90c8020,0x00000000f9100000)
  to   space 13312K, 0% used [0x00000000f7880000,0x00000000f7880000,0x00000000f8580000)
 ParOldGen       total 83456K, used 11393K [0x00000000d0000000, 0x00000000d5180000, 0x00000000f0000000)
  object space 83456K, 13% used [0x00000000d0000000,0x00000000d0b20560,0x00000000d5180000)
 Metaspace       used 15919K, capacity 16264K, committed 16384K, reserved 1062912K
  class space    used 1849K, capacity 1984K, committed 2048K, reserved 1048576K
Event: 4.272 GC heap after
Heap after GC invocations=7 (full 0):
 PSYoungGen      total 136704K, used 13312K [0x00000000f0000000, 0x00000000f9400000, 0x0000000100000000)
  eden space 123392K, 0% used [0x00000000f0000000,0x00000000f0000000,0x00000000f7880000)
  from space 13312K, 100% used [0x00000000f7880000,0x00000000f8580000,0x00000000f8580000)
  to   space 11776K, 0% used [0x00000000f8580000,0x00000000f8580000,0x00000000f9100000)
 ParOldGen       total 83456K, used 16449K [0x00000000d0000000, 0x00000000d5180000, 0x00000000f0000000)
  object space 83456K, 19% used [0x00000000d0000000,0x00000000d10106c0,0x00000000d5180000)
 Metaspace       used 15919K, capacity 16264K, committed 16384K, reserved 1062912K
  class space    used 1849K, capacity 1984K, committed 2048K, reserved 1048576K
}
Event: 5.593 GC heap before
{Heap before GC invocations=8 (full 0):
 PSYoungGen      total 136704K, used 136704K [0x00000000f0000000, 0x00000000f9400000, 0x0000000100000000)
  eden space 123392K, 100% used [0x00000000f0000000,0x00000000f7880000,0x00000000f7880000)
  from space 13312K, 100% used [0x00000000f7880000,0x00000000f8580000,0x00000000f8580000)
  to   space 11776K, 0% used [0x00000000f8580000,0x00000000f8580000,0x00000000f9100000)
 ParOldGen       total 83456K, used 16449K [0x00000000d0000000, 0x00000000d5180000, 0x00000000f0000000)
  object space 83456K, 19% used [0x00000000d0000000,0x00000000d10106c0,0x00000000d5180000)
 Metaspace       used 19789K, capacity 20218K, committed 20480K, reserved 1067008K
  class space    used 2339K, capacity 2555K, committed 2560K, reserved 1048576K
Event: 5.626 GC heap after
Heap after GC invocations=8 (full 0):
 PSYoungGen      total 135168K, used 11745K [0x00000000f0000000, 0x00000000f9400000, 0x0000000100000000)
  eden space 123392K, 0% used [0x00000000f0000000,0x00000000f0000000,0x00000000f7880000)
  from space 11776K, 99% used [0x00000000f8580000,0x00000000f90f85a0,0x00000000f9100000)
  to   space 13312K, 0% used [0x00000000f7880000,0x00000000f7880000,0x00000000f8580000)
 ParOldGen       total 83456K, used 27898K [0x00000000d0000000, 0x00000000d5180000, 0x00000000f0000000)
  object space 83456K, 33% used [0x00000000d0000000,0x00000000d1b3eb78,0x00000000d5180000)
 Metaspace       used 19789K, capacity 20218K, committed 20480K, reserved 1067008K
  class space    used 2339K, capacity 2555K, committed 2560K, reserved 1048576K
}
Event: 6.050 GC heap before
{Heap before GC invocations=9 (full 0):
 PSYoungGen      total 135168K, used 46107K [0x00000000f0000000, 0x00000000f9400000, 0x0000000100000000)
  eden space 123392K, 27% used [0x00000000f0000000,0x00000000f218e840,0x00000000f7880000)
  from space 11776K, 99% used [0x00000000f8580000,0x00000000f90f85a0,0x00000000f9100000)
  to   space 13312K, 0% used [0x00000000f7880000,0x00000000f7880000,0x00000000f8580000)
 ParOldGen       total 83456K, used 27898K [0x00000000d0000000, 0x00000000d5180000, 0x00000000f0000000)
  object space 83456K, 33% used [0x00000000d0000000,0x00000000d1b3eb78,0x00000000d5180000)
 Metaspace       used 20708K, capacity 21162K, committed 21296K, reserved 1069056K
  class space    used 2420K, capacity 2635K, committed 2688K, reserved 1048576K
Event: 6.068 GC heap after
Heap after GC invocations=9 (full 0):
 PSYoungGen      total 136704K, used 8818K [0x00000000f0000000, 0x00000000f9400000, 0x0000000100000000)
  eden space 123392K, 0% used [0x00000000f0000000,0x00000000f0000000,0x00000000f7880000)
  from space 13312K, 66% used [0x00000000f7880000,0x00000000f811cbe0,0x00000000f8580000)
  to   space 11776K, 0% used [0x00000000f8580000,0x00000000f8580000,0x00000000f9100000)
 ParOldGen       total 83456K, used 33301K [0x00000000d0000000, 0x00000000d5180000, 0x00000000f0000000)
  object space 83456K, 39% used [0x00000000d0000000,0x00000000d2085410,0x00000000d5180000)
 Metaspace       used 20708K, capacity 21162K, committed 21296K, reserved 1069056K
  class space    used 2420K, capacity 2635K, committed 2688K, reserved 1048576K
}
Event: 6.068 GC heap before
{Heap before GC invocations=10 (full 1):
 PSYoungGen      total 136704K, used 8818K [0x00000000f0000000, 0x00000000f9400000, 0x0000000100000000)
  eden space 123392K, 0% used [0x00000000f0000000,0x00000000f0000000,0x00000000f7880000)
  from space 13312K, 66% used [0x00000000f7880000,0x00000000f811cbe0,0x00000000f8580000)
  to   space 11776K, 0% used [0x00000000f8580000,0x00000000f8580000,0x00000000f9100000)
 ParOldGen       total 83456K, used 33301K [0x00000000d0000000, 0x00000000d5180000, 0x00000000f0000000)
  object space 83456K, 39% used [0x00000000d0000000,0x00000000d2085410,0x00000000d5180000)
 Metaspace       used 20708K, capacity 21162K, committed 21296K, reserved 1069056K
  class space    used 2420K, capacity 2635K, committed 2688K, reserved 1048576K
Event: 6.194 GC heap after
Heap after GC invocations=10 (full 1):
 PSYoungGen      total 136704K, used 0K [0x00000000f0000000, 0x00000000f9400000, 0x0000000100000000)
  eden space 123392K, 0% used [0x00000000f0000000,0x00000000f0000000,0x00000000f7880000)
  from space 13312K, 0% used [0x00000000f7880000,0x00000000f7880000,0x00000000f8580000)
  to   space 11776K, 0% used [0x00000000f8580000,0x00000000f8580000,0x00000000f9100000)
 ParOldGen       total 80896K, used 26864K [0x00000000d0000000, 0x00000000d4f00000, 0x00000000f0000000)
  object space 80896K, 33% used [0x00000000d0000000,0x00000000d1a3c3c8,0x00000000d4f00000)
 Metaspace       used 20708K, capacity 21162K, committed 21296K, reserved 1069056K
  class space    used 2420K, capacity 2635K, committed 2688K, reserved 1048576K
}

Deoptimization events (10 events):
Event: 5.682 Thread 0x00000000031c3800 Uncommon trap: reason=unstable_if action=reinterpret pc=0x00000000035fc13c method=java.util.concurrent.ConcurrentHashMap.putVal(Ljava/lang/Object;Ljava/lang/Object;Z)Ljava/lang/Object; @ 206
Event: 5.788 Thread 0x00000000031c3800 Uncommon trap: reason=unstable_if action=reinterpret pc=0x0000000003c0598c method=org.codehaus.plexus.classworlds.realm.Entry.matches(Ljava/lang/String;)Z @ 33
Event: 6.327 Thread 0x00000000031c3800 Uncommon trap: reason=unstable_if action=reinterpret pc=0x0000000003f32480 method=java.util.Properties$LineReader.readLine()I @ 323
Event: 6.327 Thread 0x00000000031c3800 Uncommon trap: reason=unstable_if action=reinterpret pc=0x0000000003b3d518 method=java.util.Properties.loadConvert([CII[C)Ljava/lang/String; @ 57
Event: 6.327 Thread 0x00000000031c3800 Uncommon trap: reason=unstable_if action=reinterpret pc=0x0000000003b60b0c method=java.util.Properties$LineReader.readLine()I @ 246
Event: 6.376 Thread 0x00000000031c3800 Uncommon trap: reason=unstable_if action=reinterpret pc=0x00000000033ecd40 method=java.lang.CharacterData.of(I)Ljava/lang/CharacterData; @ 4
Event: 6.416 Thread 0x00000000031c3800 Uncommon trap: reason=null_check action=make_not_entrant pc=0x0000000003fa9e14 method=org.apache.maven.model.validation.DefaultModelValidator.validateEffectiveDependency(Lorg/apache/maven/model/building/ModelProblemCollector;Lorg/apache/maven/model/Dependeà'ê—@
Event: 6.955 Thread 0x00000000031c3800 Uncommon trap: reason=class_check action=maybe_recompile pc=0x0000000003e3d3f8 method=java.util.regex.Pattern$Curly.match0(Ljava/util/regex/Matcher;IILjava/lang/CharSequence;)Z @ 16
Event: 8.276 Thread 0x00000000031c3800 Uncommon trap: reason=unstable_if action=reinterpret pc=0x0000000003f56ce8 method=java.util.IdentityHashMap.closeDeletion(I)V @ 37
Event: 8.276 Thread 0x00000000031c3800 Uncommon trap: reason=unstable_if action=reinterpret pc=0x0000000003f555f4 method=java.util.IdentityHashMap.closeDeletion(I)V @ 37

Internal exceptions (10 events):
Event: 5.028 Thread 0x00000000031c3800 Exception <a 'java/io/FileNotFoundException'> (0x00000000f46eb6c8) thrown at [C:\re\workspace\8-2-build-windows-amd64-cygwin\jdk8u101\7261\hotspot\src\share\vm\prims\jni.cpp, line 709]
Event: 5.028 Thread 0x00000000031c3800 Exception <a 'java/io/FileNotFoundException'> (0x00000000f46ed7f8) thrown at [C:\re\workspace\8-2-build-windows-amd64-cygwin\jdk8u101\7261\hotspot\src\share\vm\prims\jni.cpp, line 709]
Event: 6.416 Thread 0x00000000031c3800 Implicit null exception at 0x0000000003fa5771 to 0x0000000003fa9e05
Event: 6.586 Thread 0x00000000031c3800 Exception <a 'java/lang/NoClassDefFoundError': org/sonatype/aether/graph/DependencyNode> (0x00000000f17dd9b0) thrown at [C:\re\workspace\8-2-build-windows-amd64-cygwin\jdk8u101\7261\hotspot\src\share\vm\classfile\systemDictionary.cpp, line 199]
Event: 7.117 Thread 0x00000000031c3800 Exception <a 'java/lang/NoSuchFieldError': method resolution failed> (0x00000000f2ddd888) thrown at [C:\re\workspace\8-2-build-windows-amd64-cygwin\jdk8u101\7261\hotspot\src\share\vm\prims\methodHandles.cpp, line 1146]
Event: 7.118 Thread 0x00000000031c3800 Exception <a 'java/lang/NoSuchFieldError': method resolution failed> (0x00000000f2deaf48) thrown at [C:\re\workspace\8-2-build-windows-amd64-cygwin\jdk8u101\7261\hotspot\src\share\vm\prims\methodHandles.cpp, line 1146]
Event: 7.165 Thread 0x00000000031c3800 Exception <a 'java/io/FileNotFoundException'> (0x00000000f31ca6e0) thrown at [C:\re\workspace\8-2-build-windows-amd64-cygwin\jdk8u101\7261\hotspot\src\share\vm\prims\jni.cpp, line 709]
Event: 7.166 Thread 0x00000000031c3800 Exception <a 'java/io/FileNotFoundException'> (0x00000000f31d7c30) thrown at [C:\re\workspace\8-2-build-windows-amd64-cygwin\jdk8u101\7261\hotspot\src\share\vm\prims\jni.cpp, line 709]
Event: 8.194 Thread 0x00000000031c3800 Exception <a 'java/lang/NoClassDefFoundError': org/codehaus/plexus/util/interpolation/ValueSource> (0x00000000f6d96ff8) thrown at [C:\re\workspace\8-2-build-windows-amd64-cygwin\jdk8u101\7261\hotspot\src\share\vm\classfile\systemDictionary.cpp, line 199]
Event: 8.229 Thread 0x00000000031c3800 Exception <a 'java/lang/NoClassDefFoundError': org/sonatype/aether/graph/DependencyNode> (0x00000000f6f43340) thrown at [C:\re\workspace\8-2-build-windows-amd64-cygwin\jdk8u101\7261\hotspot\src\share\vm\classfile\systemDictionary.cpp, line 199]

Events (10 events):
Event: 8.289 loading class org/apache/maven/plugin/dependency/utils/filters/MarkerFileFilter
Event: 8.289 loading class org/apache/maven/plugin/dependency/utils/filters/MarkerFileFilter done
Event: 8.290 loading class org/apache/maven/plugin/dependency/utils/markers/DefaultFileMarkerHandler
Event: 8.290 loading class org/apache/maven/plugin/dependency/utils/markers/DefaultFileMarkerHandler done
Event: 8.290 loading class org/apache/maven/plugin/dependency/utils/markers/DefaultFileMarkerHandler
Event: 8.290 loading class org/apache/maven/plugin/dependency/utils/markers/DefaultFileMarkerHandler done
Event: 8.290 loading class org/apache/maven/plugin/dependency/utils/markers/DefaultFileMarkerHandler
Event: 8.290 loading class org/apache/maven/plugin/dependency/utils/markers/DefaultFileMarkerHandler done
Event: 8.290 loading class org/apache/maven/plugin/dependency/utils/markers/DefaultFileMarkerHandler
Event: 8.290 loading class org/apache/maven/plugin/dependency/utils/markers/DefaultFileMarkerHandler done


Dynamic libraries:
0x00007ff6b07a0000 - 0x00007ff6b07d7000 	C:\Program Files\Java\jdk1.8.0_101\bin\java.exe
0x00007ffbe9d30000 - 0x00007ffbe9ef1000 	C:\WINDOWS\SYSTEM32\ntdll.dll
0x00007ffbe9840000 - 0x00007ffbe98ed000 	C:\WINDOWS\system32\KERNEL32.DLL
0x00007ffbe67d0000 - 0x00007ffbe69b8000 	C:\WINDOWS\system32\KERNELBASE.dll
0x00007ffbe9c80000 - 0x00007ffbe9d27000 	C:\WINDOWS\system32\ADVAPI32.dll
0x00007ffbe9720000 - 0x00007ffbe97bd000 	C:\WINDOWS\system32\msvcrt.dll
0x00007ffbe97c0000 - 0x00007ffbe981b000 	C:\WINDOWS\system32\sechost.dll
0x00007ffbe98f0000 - 0x00007ffbe9a0c000 	C:\WINDOWS\system32\RPCRT4.dll
0x00007ffbe71e0000 - 0x00007ffbe7336000 	C:\WINDOWS\system32\USER32.dll
0x00007ffbe7690000 - 0x00007ffbe7817000 	C:\WINDOWS\system32\GDI32.dll
0x00007ffbdaab0000 - 0x00007ffbdad24000 	C:\WINDOWS\WinSxS\amd64_microsoft.windows.common-controls_6595b64144ccf1df_6.0.10586.839_none_a2ddba30a539a2ae\COMCTL32.dll
0x00007ffbe7410000 - 0x00007ffbe768e000 	C:\WINDOWS\system32\combase.dll
0x00007ffbe69c0000 - 0x00007ffbe6a2a000 	C:\WINDOWS\system32\bcryptPrimitives.dll
0x00007ffbe7bb0000 - 0x00007ffbe7beb000 	C:\WINDOWS\system32\IMM32.DLL
0x00000000732b0000 - 0x00000000732e9000 	C:\PROGRA~2\Sophos\SOPHOS~1\SOPHOS~2.DLL
0x00007ffbe78f0000 - 0x00007ffbe78f8000 	C:\WINDOWS\system32\PSAPI.DLL
0x000000006eda0000 - 0x000000006ee72000 	C:\Program Files\Java\jdk1.8.0_101\jre\bin\msvcr100.dll
0x000000006e500000 - 0x000000006ed9a000 	C:\Program Files\Java\jdk1.8.0_101\jre\bin\server\jvm.dll
0x00007ffbe4a90000 - 0x00007ffbe4ab3000 	C:\WINDOWS\SYSTEM32\WINMM.dll
0x00007ffbe2510000 - 0x00007ffbe2519000 	C:\WINDOWS\SYSTEM32\WSOCK32.dll
0x00007ffbe57f0000 - 0x00007ffbe57fa000 	C:\WINDOWS\SYSTEM32\VERSION.dll
0x00007ffbe7820000 - 0x00007ffbe788b000 	C:\WINDOWS\system32\WS2_32.dll
0x0000000001930000 - 0x000000000195c000 	C:\WINDOWS\SYSTEM32\WINMMBASE.dll
0x00007ffbe64a0000 - 0x00007ffbe64e3000 	C:\WINDOWS\system32\cfgmgr32.dll
0x0000000071460000 - 0x000000007146f000 	C:\Program Files\Java\jdk1.8.0_101\jre\bin\verify.dll
0x000000006fac0000 - 0x000000006fae9000 	C:\Program Files\Java\jdk1.8.0_101\jre\bin\java.dll
0x0000000071440000 - 0x0000000071456000 	C:\Program Files\Java\jdk1.8.0_101\jre\bin\zip.dll
0x00007ffbe8150000 - 0x00007ffbe96ac000 	C:\WINDOWS\system32\SHELL32.dll
0x00007ffbe6a30000 - 0x00007ffbe7074000 	C:\WINDOWS\system32\windows.storage.dll
0x00007ffbe9a70000 - 0x00007ffbe9ac2000 	C:\WINDOWS\system32\shlwapi.dll
0x00007ffbe6370000 - 0x00007ffbe637f000 	C:\WINDOWS\system32\kernel.appcore.dll
0x00007ffbe63e0000 - 0x00007ffbe6495000 	C:\WINDOWS\system32\shcore.dll
0x00007ffbe6390000 - 0x00007ffbe63db000 	C:\WINDOWS\system32\powrprof.dll
0x00007ffbe6350000 - 0x00007ffbe6364000 	C:\WINDOWS\system32\profapi.dll
0x000000006faa0000 - 0x000000006faba000 	C:\Program Files\Java\jdk1.8.0_101\jre\bin\net.dll
0x00007ffbe5c80000 - 0x00007ffbe5cdc000 	C:\WINDOWS\system32\mswsock.dll
0x000000006fa80000 - 0x000000006fa91000 	C:\Program Files\Java\jdk1.8.0_101\jre\bin\nio.dll

VM Arguments:
jvm_args: -Xmx768M -XX:MaxPermSize=256M -Dclassworlds.conf=C:\Applications\Atlassian\atlassian-plugin-sdk-6.3.10\apache-maven-3.2.1\bin\m2.conf -Dmaven.home=C:\Applications\Atlassian\atlassian-plugin-sdk-6.3.10\apache-maven-3.2.1 
java_command: org.codehaus.plexus.classworlds.launcher.Launcher -gs C:\Applications\Atlassian\atlassian-plugin-sdk-6.3.10\apache-maven-3.2.1/conf/settings.xml package
java_class_path (initial): C:\Applications\Atlassian\atlassian-plugin-sdk-6.3.10\apache-maven-3.2.1\boot\plexus-classworlds-2.5.1.jar
Launcher Type: SUN_STANDARD

Environment Variables:
JAVA_HOME=C:\Program Files\Java\jdk1.8.0_101
USERNAME=Steve.Killelay
OS=Windows_NT
PROCESSOR_IDENTIFIER=Intel64 Family 6 Model 78 Stepping 3, GenuineIntel



---------------  S Y S T E M  ---------------

OS: Windows 10.0 , 64 bit Build 10586 (10.0.10586.589)

CPU:total 4 (2 cores per cpu, 2 threads per core) family 6 model 78 stepping 3, cmov, cx8, fxsr, mmx, sse, sse2, sse3, ssse3, sse4.1, sse4.2, popcnt, avx, avx2, aes, clmul, erms, 3dnowpref, lzcnt, ht, tsc, tscinvbit, bmi1, bmi2, adx

Memory: 4k page, physical 7937208k(957296k free), swap 13898392k(6000k free)

vm_info: Java HotSpot(TM) 64-Bit Server VM (25.101-b13) for windows-amd64 JRE (1.8.0_101-b13), built on Jun 22 2016 01:21:29 by "java_re" with MS VC++ 10.0 (VS2010)

time: Fri Mar 09 13:29:19 2018
elapsed time: 8 seconds (0d 0h 0m 8s)

