#
# There is insufficient memory for the Java Runtime Environment to continue.
# Native memory allocation (malloc) failed to allocate 2102896 bytes for Chunk::new
# Possible reasons:
#   The system is out of physical RAM or swap space
#   In 32 bit mode, the process size limit was hit
# Possible solutions:
#   Reduce memory load on the system
#   Increase physical memory or swap space
#   Check if swap backing store is full
#   Use 64 bit Java on a 64 bit OS
#   Decrease Java heap size (-Xmx/-Xms)
#   Decrease number of Java threads
#   Decrease Java thread stack sizes (-Xss)
#   Set larger code cache with -XX:ReservedCodeCacheSize=
# This output file may be truncated or incomplete.
#
#  Out of Memory Error (allocation.cpp:390), pid=5180, tid=0x0000000000000738
#
# JRE version: Java(TM) SE Runtime Environment (8.0_101-b13) (build 1.8.0_101-b13)
# Java VM: Java HotSpot(TM) 64-Bit Server VM (25.101-b13 mixed mode windows-amd64 compressed oops)
# Failed to write core dump. Minidumps are not enabled by default on client versions of Windows
#

---------------  T H R E A D  ---------------

Current thread (0x0000000014a4e800):  JavaThread "C2 CompilerThread0" daemon [_thread_in_native, id=1848, stack(0x0000000016080000,0x0000000016180000)]

Stack: [0x0000000016080000,0x0000000016180000]
[error occurred during error reporting (printing stack bounds), id 0xc0000005]

Native frames: (J=compiled Java code, j=interpreted, Vv=VM code, C=native code)


Current CompileTask:
C2:  11603 3845       4       java.net.URLClassLoader$1::run (5 bytes)


---------------  P R O C E S S  ---------------

Java Threads: ( => current thread )
  0x0000000014aae800 JavaThread "Service Thread" daemon [_thread_blocked, id=172, stack(0x0000000016780000,0x0000000016880000)]
  0x0000000014a59000 JavaThread "C1 CompilerThread2" daemon [_thread_blocked, id=17344, stack(0x0000000016280000,0x0000000016380000)]
  0x0000000014a55800 JavaThread "C2 CompilerThread1" daemon [_thread_in_native, id=9748, stack(0x0000000016180000,0x0000000016280000)]
=>0x0000000014a4e800 JavaThread "C2 CompilerThread0" daemon [_thread_in_native, id=1848, stack(0x0000000016080000,0x0000000016180000)]
  0x0000000014a5f800 JavaThread "Attach Listener" daemon [_thread_blocked, id=3320, stack(0x0000000015f80000,0x0000000016080000)]
  0x0000000014a5e800 JavaThread "Signal Dispatcher" daemon [_thread_blocked, id=11396, stack(0x0000000015e80000,0x0000000015f80000)]
  0x0000000014a40000 JavaThread "Finalizer" daemon [_thread_blocked, id=17388, stack(0x0000000015ca0000,0x0000000015da0000)]
  0x0000000002cd3000 JavaThread "Reference Handler" daemon [_thread_blocked, id=7140, stack(0x0000000015ba0000,0x0000000015ca0000)]
  0x0000000002be3800 JavaThread "main" [_thread_in_native, id=9156, stack(0x00000000029a0000,0x0000000002aa0000)]

Other Threads:
  0x0000000014a17800 VMThread [stack: 0x0000000015aa0000,0x0000000015ba0000] [id=3664]
  0x00000000163b3800 WatcherThread [stack: 0x0000000016880000,0x0000000016980000] [id=7516]

VM state:not at safepoint (normal execution)

VM Mutex/Monitor currently owned by a thread: None

Heap:
 PSYoungGen      total 207360K, used 18928K [0x00000000f0000000, 0x00000000fdd80000, 0x0000000100000000)
  eden space 190976K, 9% used [0x00000000f0000000,0x00000000f127c1b8,0x00000000fba80000)
  from space 16384K, 0% used [0x00000000fcb80000,0x00000000fcb80000,0x00000000fdb80000)
  to   space 17408K, 0% used [0x00000000fba80000,0x00000000fba80000,0x00000000fcb80000)
 ParOldGen       total 86016K, used 31889K [0x00000000d0000000, 0x00000000d5400000, 0x00000000f0000000)
  object space 86016K, 37% used [0x00000000d0000000,0x00000000d1f24538,0x00000000d5400000)
 Metaspace       used 22513K, capacity 22966K, committed 23344K, reserved 1069056K
  class space    used 2646K, capacity 2827K, committed 2944K, reserved 1048576K

Card table byte_map: [0x00000000120a0000,0x0000000012230000] byte_map_base: 0x0000000011a20000

Marking Bits: (ParMarkBitMap*) 0x000000006ed1a6d0
 Begin Bits: [0x0000000012730000, 0x0000000013330000)
 End Bits:   [0x0000000013330000, 0x0000000013f30000)

Polling page: 0x0000000001200000

CodeCache: size=245760Kb used=12919Kb max_used=13273Kb free=232840Kb
 bounds [0x0000000002ce0000, 0x0000000003a20000, 0x0000000011ce0000]
 total_blobs=3682 nmethods=3331 adapters=262
 compilation: enabled

Compilation events (10 events):
Event: 11.204 Thread 0x0000000014a59000 3862       3       org.codehaus.plexus.interpolation.reflection.MethodMap::find (71 bytes)
Event: 11.204 Thread 0x0000000014a59000 nmethod 3862 0x00000000036d7590 code [0x00000000036d7740, 0x00000000036d7ed8]
Event: 11.206 Thread 0x0000000014a59000 3863       3       java.util.Properties::load0 (250 bytes)
Event: 11.208 Thread 0x0000000014a59000 nmethod 3863 0x00000000036d6590 code [0x00000000036d6780, 0x00000000036d7158]
Event: 11.216 Thread 0x0000000014a59000 3864       2       org.codehaus.plexus.interpolation.util.StringUtils::capitalizeFirstLetter (52 bytes)
Event: 11.217 Thread 0x0000000014a59000 nmethod 3864 0x00000000039d1e90 code [0x00000000039d2060, 0x00000000039d2598]
Event: 11.230 Thread 0x0000000014a59000 3868       2       org.codehaus.plexus.util.xml.Xpp3Dom::mergeIntoXpp3Dom (422 bytes)
Event: 11.233 Thread 0x0000000014a59000 nmethod 3868 0x0000000002f23bd0 code [0x0000000002f23fa0, 0x0000000002f25188]
Event: 11.259 Thread 0x0000000014a59000 3870       1       org.apache.maven.model.Plugin::setGroupId (6 bytes)
Event: 11.259 Thread 0x0000000014a59000 nmethod 3870 0x00000000036e21d0 code [0x00000000036e2320, 0x00000000036e2450]

GC Heap History (10 events):
Event: 5.547 GC heap before
{Heap before GC invocations=7 (full 0):
 PSYoungGen      total 69632K, used 69617K [0x00000000f0000000, 0x00000000f5100000, 0x0000000100000000)
  eden space 60928K, 100% used [0x00000000f0000000,0x00000000f3b80000,0x00000000f3b80000)
  from space 8704K, 99% used [0x00000000f4580000,0x00000000f4dfc5b8,0x00000000f4e00000)
  to   space 10240K, 0% used [0x00000000f3b80000,0x00000000f3b80000,0x00000000f4580000)
 ParOldGen       total 83456K, used 7836K [0x00000000d0000000, 0x00000000d5180000, 0x00000000f0000000)
  object space 83456K, 9% used [0x00000000d0000000,0x00000000d07a7120,0x00000000d5180000)
 Metaspace       used 15809K, capacity 16078K, committed 16384K, reserved 1062912K
  class space    used 1848K, capacity 1983K, committed 2048K, reserved 1048576K
Event: 5.565 GC heap after
Heap after GC invocations=7 (full 0):
 PSYoungGen      total 71168K, used 9696K [0x00000000f0000000, 0x00000000f8d00000, 0x0000000100000000)
  eden space 60928K, 0% used [0x00000000f0000000,0x00000000f0000000,0x00000000f3b80000)
  from space 10240K, 94% used [0x00000000f3b80000,0x00000000f44f8000,0x00000000f4580000)
  to   space 11264K, 0% used [0x00000000f8200000,0x00000000f8200000,0x00000000f8d00000)
 ParOldGen       total 83456K, used 10188K [0x00000000d0000000, 0x00000000d5180000, 0x00000000f0000000)
  object space 83456K, 12% used [0x00000000d0000000,0x00000000d09f3260,0x00000000d5180000)
 Metaspace       used 15809K, capacity 16078K, committed 16384K, reserved 1062912K
  class space    used 1848K, capacity 1983K, committed 2048K, reserved 1048576K
}
Event: 6.008 GC heap before
{Heap before GC invocations=8 (full 0):
 PSYoungGen      total 71168K, used 70624K [0x00000000f0000000, 0x00000000f8d00000, 0x0000000100000000)
  eden space 60928K, 100% used [0x00000000f0000000,0x00000000f3b80000,0x00000000f3b80000)
  from space 10240K, 94% used [0x00000000f3b80000,0x00000000f44f8000,0x00000000f4580000)
  to   space 11264K, 0% used [0x00000000f8200000,0x00000000f8200000,0x00000000f8d00000)
 ParOldGen       total 83456K, used 10188K [0x00000000d0000000, 0x00000000d5180000, 0x00000000f0000000)
  object space 83456K, 12% used [0x00000000d0000000,0x00000000d09f3260,0x00000000d5180000)
 Metaspace       used 15872K, capacity 16142K, committed 16384K, reserved 1062912K
  class space    used 1848K, capacity 1983K, committed 2048K, reserved 1048576K
Event: 6.034 GC heap after
Heap after GC invocations=8 (full 0):
 PSYoungGen      total 131072K, used 11264K [0x00000000f0000000, 0x00000000f9100000, 0x0000000100000000)
  eden space 119808K, 0% used [0x00000000f0000000,0x00000000f0000000,0x00000000f7500000)
  from space 11264K, 100% used [0x00000000f8200000,0x00000000f8d00000,0x00000000f8d00000)
  to   space 13312K, 0% used [0x00000000f7500000,0x00000000f7500000,0x00000000f8200000)
 ParOldGen       total 83456K, used 11996K [0x00000000d0000000, 0x00000000d5180000, 0x00000000f0000000)
  object space 83456K, 14% used [0x00000000d0000000,0x00000000d0bb7260,0x00000000d5180000)
 Metaspace       used 15872K, capacity 16142K, committed 16384K, reserved 1062912K
  class space    used 1848K, capacity 1983K, committed 2048K, reserved 1048576K
}
Event: 7.811 GC heap before
{Heap before GC invocations=9 (full 0):
 PSYoungGen      total 131072K, used 131072K [0x00000000f0000000, 0x00000000f9100000, 0x0000000100000000)
  eden space 119808K, 100% used [0x00000000f0000000,0x00000000f7500000,0x00000000f7500000)
  from space 11264K, 100% used [0x00000000f8200000,0x00000000f8d00000,0x00000000f8d00000)
  to   space 13312K, 0% used [0x00000000f7500000,0x00000000f7500000,0x00000000f8200000)
 ParOldGen       total 83456K, used 11996K [0x00000000d0000000, 0x00000000d5180000, 0x00000000f0000000)
  object space 83456K, 14% used [0x00000000d0000000,0x00000000d0bb7260,0x00000000d5180000)
 Metaspace       used 16249K, capacity 16620K, committed 16768K, reserved 1064960K
  class space    used 1903K, capacity 2056K, committed 2176K, reserved 1048576K
Event: 7.832 GC heap after
Heap after GC invocations=9 (full 0):
 PSYoungGen      total 133120K, used 13298K [0x00000000f0000000, 0x00000000fdb80000, 0x0000000100000000)
  eden space 119808K, 0% used [0x00000000f0000000,0x00000000f0000000,0x00000000f7500000)
  from space 13312K, 99% used [0x00000000f7500000,0x00000000f81fcb50,0x00000000f8200000)
  to   space 16384K, 0% used [0x00000000fcb80000,0x00000000fcb80000,0x00000000fdb80000)
 ParOldGen       total 83456K, used 16278K [0x00000000d0000000, 0x00000000d5180000, 0x00000000f0000000)
  object space 83456K, 19% used [0x00000000d0000000,0x00000000d0fe5bc0,0x00000000d5180000)
 Metaspace       used 16249K, capacity 16620K, committed 16768K, reserved 1064960K
  class space    used 1903K, capacity 2056K, committed 2176K, reserved 1048576K
}
Event: 9.617 GC heap before
{Heap before GC invocations=10 (full 0):
 PSYoungGen      total 133120K, used 106581K [0x00000000f0000000, 0x00000000fdb80000, 0x0000000100000000)
  eden space 119808K, 77% used [0x00000000f0000000,0x00000000f5b18b70,0x00000000f7500000)
  from space 13312K, 99% used [0x00000000f7500000,0x00000000f81fcb50,0x00000000f8200000)
  to   space 16384K, 0% used [0x00000000fcb80000,0x00000000fcb80000,0x00000000fdb80000)
 ParOldGen       total 83456K, used 16278K [0x00000000d0000000, 0x00000000d5180000, 0x00000000f0000000)
  object space 83456K, 19% used [0x00000000d0000000,0x00000000d0fe5bc0,0x00000000d5180000)
 Metaspace       used 20716K, capacity 21174K, committed 21296K, reserved 1069056K
  class space    used 2419K, capacity 2635K, committed 2688K, reserved 1048576K
Event: 9.708 GC heap after
Heap after GC invocations=10 (full 0):
 PSYoungGen      total 207360K, used 14088K [0x00000000f0000000, 0x00000000fdd80000, 0x0000000100000000)
  eden space 190976K, 0% used [0x00000000f0000000,0x00000000f0000000,0x00000000fba80000)
  from space 16384K, 85% used [0x00000000fcb80000,0x00000000fd9422a0,0x00000000fdb80000)
  to   space 17408K, 0% used [0x00000000fba80000,0x00000000fba80000,0x00000000fcb80000)
 ParOldGen       total 83456K, used 24006K [0x00000000d0000000, 0x00000000d5180000, 0x00000000f0000000)
  object space 83456K, 28% used [0x00000000d0000000,0x00000000d1771bc0,0x00000000d5180000)
 Metaspace       used 20716K, capacity 21174K, committed 21296K, reserved 1069056K
  class space    used 2419K, capacity 2635K, committed 2688K, reserved 1048576K
}
Event: 9.709 GC heap before
{Heap before GC invocations=11 (full 1):
 PSYoungGen      total 207360K, used 14088K [0x00000000f0000000, 0x00000000fdd80000, 0x0000000100000000)
  eden space 190976K, 0% used [0x00000000f0000000,0x00000000f0000000,0x00000000fba80000)
  from space 16384K, 85% used [0x00000000fcb80000,0x00000000fd9422a0,0x00000000fdb80000)
  to   space 17408K, 0% used [0x00000000fba80000,0x00000000fba80000,0x00000000fcb80000)
 ParOldGen       total 83456K, used 24006K [0x00000000d0000000, 0x00000000d5180000, 0x00000000f0000000)
  object space 83456K, 28% used [0x00000000d0000000,0x00000000d1771bc0,0x00000000d5180000)
 Metaspace       used 20716K, capacity 21174K, committed 21296K, reserved 1069056K
  class space    used 2419K, capacity 2635K, committed 2688K, reserved 1048576K
Event: 10.015 GC heap after
Heap after GC invocations=11 (full 1):
 PSYoungGen      total 207360K, used 0K [0x00000000f0000000, 0x00000000fdd80000, 0x0000000100000000)
  eden space 190976K, 0% used [0x00000000f0000000,0x00000000f0000000,0x00000000fba80000)
  from space 16384K, 0% used [0x00000000fcb80000,0x00000000fcb80000,0x00000000fdb80000)
  to   space 17408K, 0% used [0x00000000fba80000,0x00000000fba80000,0x00000000fcb80000)
 ParOldGen       total 86016K, used 31889K [0x00000000d0000000, 0x00000000d5400000, 0x00000000f0000000)
  object space 86016K, 37% used [0x00000000d0000000,0x00000000d1f24538,0x00000000d5400000)
 Metaspace       used 20716K, capacity 21174K, committed 21296K, reserved 1069056K
  class space    used 2419K, capacity 2635K, committed 2688K, reserved 1048576K
}

Deoptimization events (10 events):
Event: 8.791 Thread 0x0000000002be3800 Uncommon trap: reason=class_check action=maybe_recompile pc=0x00000000039c985c method=java.util.AbstractMap.equals(Ljava/lang/Object;)Z @ 123
Event: 8.793 Thread 0x0000000002be3800 Uncommon trap: reason=unstable_if action=reinterpret pc=0x000000000302fefc method=java.util.concurrent.ConcurrentHashMap.putVal(Ljava/lang/Object;Ljava/lang/Object;Z)Ljava/lang/Object; @ 206
Event: 8.922 Thread 0x0000000002be3800 Uncommon trap: reason=unstable_if action=reinterpret pc=0x000000000366a834 method=org.codehaus.plexus.classworlds.realm.Entry.matches(Ljava/lang/String;)Z @ 33
Event: 10.395 Thread 0x0000000002be3800 Uncommon trap: reason=class_check action=maybe_recompile pc=0x00000000039c985c method=java.util.AbstractMap.equals(Ljava/lang/Object;)Z @ 123
Event: 10.497 Thread 0x0000000002be3800 Uncommon trap: reason=unstable_if action=reinterpret pc=0x0000000002e35298 method=java.util.Properties.load0(Ljava/util/Properties$LineReader;)V @ 80
Event: 10.497 Thread 0x0000000002be3800 Uncommon trap: reason=unstable_if action=reinterpret pc=0x000000000399b9bc method=java.util.Properties$LineReader.readLine()I @ 323
Event: 10.497 Thread 0x0000000002be3800 Uncommon trap: reason=unstable_if action=reinterpret pc=0x000000000349ec1c method=java.util.Properties.loadConvert([CII[C)Ljava/lang/String; @ 57
Event: 10.498 Thread 0x0000000002be3800 Uncommon trap: reason=unstable_if action=reinterpret pc=0x000000000347fe8c method=java.util.Properties$LineReader.readLine()I @ 246
Event: 10.650 Thread 0x0000000002be3800 Uncommon trap: reason=unstable_if action=reinterpret pc=0x0000000002e0d240 method=java.lang.CharacterData.of(I)Ljava/lang/CharacterData; @ 4
Event: 11.186 Thread 0x0000000002be3800 Uncommon trap: reason=null_check action=make_not_entrant pc=0x00000000031e7f40 method=org.codehaus.plexus.util.xml.Xpp3Dom.mergeIntoXpp3Dom(Lorg/codehaus/plexus/util/xml/Xpp3Dom;Lorg/codehaus/plexus/util/xml/Xpp3Dom;Ljava/lang/Boolean;)V @ 19

Internal exceptions (10 events):
Event: 7.940 Thread 0x0000000002be3800 Exception <a 'java/io/FileNotFoundException'> (0x00000000f08d86c0) thrown at [C:\re\workspace\8-2-build-windows-amd64-cygwin\jdk8u101\7261\hotspot\src\share\vm\prims\jni.cpp, line 709]
Event: 7.940 Thread 0x0000000002be3800 Exception <a 'java/io/FileNotFoundException'> (0x00000000f08da8e8) thrown at [C:\re\workspace\8-2-build-windows-amd64-cygwin\jdk8u101\7261\hotspot\src\share\vm\prims\jni.cpp, line 709]
Event: 7.940 Thread 0x0000000002be3800 Exception <a 'java/io/FileNotFoundException'> (0x00000000f08dca48) thrown at [C:\re\workspace\8-2-build-windows-amd64-cygwin\jdk8u101\7261\hotspot\src\share\vm\prims\jni.cpp, line 709]
Event: 7.940 Thread 0x0000000002be3800 Exception <a 'java/io/FileNotFoundException'> (0x00000000f08decb8) thrown at [C:\re\workspace\8-2-build-windows-amd64-cygwin\jdk8u101\7261\hotspot\src\share\vm\prims\jni.cpp, line 709]
Event: 7.940 Thread 0x0000000002be3800 Exception <a 'java/io/FileNotFoundException'> (0x00000000f08e0ec0) thrown at [C:\re\workspace\8-2-build-windows-amd64-cygwin\jdk8u101\7261\hotspot\src\share\vm\prims\jni.cpp, line 709]
Event: 7.940 Thread 0x0000000002be3800 Exception <a 'java/io/FileNotFoundException'> (0x00000000f08e3020) thrown at [C:\re\workspace\8-2-build-windows-amd64-cygwin\jdk8u101\7261\hotspot\src\share\vm\prims\jni.cpp, line 709]
Event: 7.940 Thread 0x0000000002be3800 Exception <a 'java/io/FileNotFoundException'> (0x00000000f08e5268) thrown at [C:\re\workspace\8-2-build-windows-amd64-cygwin\jdk8u101\7261\hotspot\src\share\vm\prims\jni.cpp, line 709]
Event: 7.940 Thread 0x0000000002be3800 Exception <a 'java/io/FileNotFoundException'> (0x00000000f08e7450) thrown at [C:\re\workspace\8-2-build-windows-amd64-cygwin\jdk8u101\7261\hotspot\src\share\vm\prims\jni.cpp, line 709]
Event: 7.940 Thread 0x0000000002be3800 Exception <a 'java/io/FileNotFoundException'> (0x00000000f08e9580) thrown at [C:\re\workspace\8-2-build-windows-amd64-cygwin\jdk8u101\7261\hotspot\src\share\vm\prims\jni.cpp, line 709]
Event: 11.186 Thread 0x0000000002be3800 Implicit null exception at 0x00000000031e3d56 to 0x00000000031e7f2e

Events (10 events):
Event: 10.715 loading class org/jaxen/util/IdentityHashMap$EmptyHashIterator done
Event: 10.715 loading class org/jaxen/util/IdentityHashMap$Entry
Event: 10.715 loading class org/jaxen/util/IdentityHashMap$Entry done
Event: 10.715 loading class org/jaxen/util/IdentityHashMap$Entry
Event: 10.715 loading class org/jaxen/util/IdentityHashMap$Entry done
Event: 10.715 loading class org/jaxen/util/IdentityHashMap$Entry
Event: 10.715 loading class org/jaxen/util/IdentityHashMap$Entry done
Event: 11.186 Thread 0x0000000002be3800 Uncommon trap: trap_request=0xfffffff4 fr.pc=0x00000000031e7f40
Event: 11.186 Thread 0x0000000002be3800 DEOPT PACKING pc=0x00000000031e7f40 sp=0x0000000002a9cdf0
Event: 11.186 Thread 0x0000000002be3800 DEOPT UNPACKING pc=0x0000000002d2582a sp=0x0000000002a9ce18 mode 2


Dynamic libraries:
0x00007ff6b07a0000 - 0x00007ff6b07d7000 	C:\Program Files\Java\jdk1.8.0_101\bin\java.exe
0x00007ffbe9d30000 - 0x00007ffbe9ef1000 	C:\WINDOWS\SYSTEM32\ntdll.dll
0x00007ffbe9840000 - 0x00007ffbe98ed000 	C:\WINDOWS\system32\KERNEL32.DLL
0x00007ffbe67d0000 - 0x00007ffbe69b8000 	C:\WINDOWS\system32\KERNELBASE.dll
0x00007ffbe9c80000 - 0x00007ffbe9d27000 	C:\WINDOWS\system32\ADVAPI32.dll
0x00007ffbe9720000 - 0x00007ffbe97bd000 	C:\WINDOWS\system32\msvcrt.dll
0x00007ffbe97c0000 - 0x00007ffbe981b000 	C:\WINDOWS\system32\sechost.dll
0x00007ffbe98f0000 - 0x00007ffbe9a0c000 	C:\WINDOWS\system32\RPCRT4.dll
0x00007ffbe71e0000 - 0x00007ffbe7336000 	C:\WINDOWS\system32\USER32.dll
0x00007ffbe7690000 - 0x00007ffbe7817000 	C:\WINDOWS\system32\GDI32.dll
0x00007ffbdaab0000 - 0x00007ffbdad24000 	C:\WINDOWS\WinSxS\amd64_microsoft.windows.common-controls_6595b64144ccf1df_6.0.10586.839_none_a2ddba30a539a2ae\COMCTL32.dll
0x00007ffbe7410000 - 0x00007ffbe768e000 	C:\WINDOWS\system32\combase.dll
0x00007ffbe69c0000 - 0x00007ffbe6a2a000 	C:\WINDOWS\system32\bcryptPrimitives.dll
0x00007ffbe7bb0000 - 0x00007ffbe7beb000 	C:\WINDOWS\system32\IMM32.DLL
0x00000000732b0000 - 0x00000000732e9000 	C:\PROGRA~2\Sophos\SOPHOS~1\SOPHOS~2.DLL
0x00007ffbe78f0000 - 0x00007ffbe78f8000 	C:\WINDOWS\system32\PSAPI.DLL
0x000000006eda0000 - 0x000000006ee72000 	C:\Program Files\Java\jdk1.8.0_101\jre\bin\msvcr100.dll
0x000000006e500000 - 0x000000006ed9a000 	C:\Program Files\Java\jdk1.8.0_101\jre\bin\server\jvm.dll
0x00007ffbe2510000 - 0x00007ffbe2519000 	C:\WINDOWS\SYSTEM32\WSOCK32.dll
0x00007ffbe7820000 - 0x00007ffbe788b000 	C:\WINDOWS\system32\WS2_32.dll
0x00007ffbe4a90000 - 0x00007ffbe4ab3000 	C:\WINDOWS\SYSTEM32\WINMM.dll
0x00007ffbe57f0000 - 0x00007ffbe57fa000 	C:\WINDOWS\SYSTEM32\VERSION.dll
0x00007ffbe4a30000 - 0x00007ffbe4a5c000 	C:\WINDOWS\SYSTEM32\WINMMBASE.dll
0x00007ffbe64a0000 - 0x00007ffbe64e3000 	C:\WINDOWS\system32\cfgmgr32.dll
0x0000000071460000 - 0x000000007146f000 	C:\Program Files\Java\jdk1.8.0_101\jre\bin\verify.dll
0x000000006fac0000 - 0x000000006fae9000 	C:\Program Files\Java\jdk1.8.0_101\jre\bin\java.dll
0x0000000071440000 - 0x0000000071456000 	C:\Program Files\Java\jdk1.8.0_101\jre\bin\zip.dll
0x00007ffbe8150000 - 0x00007ffbe96ac000 	C:\WINDOWS\system32\SHELL32.dll
0x00007ffbe6a30000 - 0x00007ffbe7074000 	C:\WINDOWS\system32\windows.storage.dll
0x00007ffbe9a70000 - 0x00007ffbe9ac2000 	C:\WINDOWS\system32\shlwapi.dll
0x00007ffbe6370000 - 0x00007ffbe637f000 	C:\WINDOWS\system32\kernel.appcore.dll
0x00007ffbe63e0000 - 0x00007ffbe6495000 	C:\WINDOWS\system32\shcore.dll
0x00007ffbe6390000 - 0x00007ffbe63db000 	C:\WINDOWS\system32\powrprof.dll
0x00007ffbe6350000 - 0x00007ffbe6364000 	C:\WINDOWS\system32\profapi.dll
0x000000006faa0000 - 0x000000006faba000 	C:\Program Files\Java\jdk1.8.0_101\jre\bin\net.dll
0x00007ffbe5c80000 - 0x00007ffbe5cdc000 	C:\WINDOWS\system32\mswsock.dll
0x000000006fa80000 - 0x000000006fa91000 	C:\Program Files\Java\jdk1.8.0_101\jre\bin\nio.dll

VM Arguments:
jvm_args: -Xmx768M -XX:MaxPermSize=256M -Dclassworlds.conf=C:\Applications\Atlassian\atlassian-plugin-sdk-6.3.10\apache-maven-3.2.1\bin\m2.conf -Dmaven.home=C:\Applications\Atlassian\atlassian-plugin-sdk-6.3.10\apache-maven-3.2.1 
java_command: org.codehaus.plexus.classworlds.launcher.Launcher -gs C:\Applications\Atlassian\atlassian-plugin-sdk-6.3.10\apache-maven-3.2.1/conf/settings.xml package
java_class_path (initial): C:\Applications\Atlassian\atlassian-plugin-sdk-6.3.10\apache-maven-3.2.1\boot\plexus-classworlds-2.5.1.jar
Launcher Type: SUN_STANDARD

Environment Variables:
JAVA_HOME=C:\Program Files\Java\jdk1.8.0_101
USERNAME=Steve.Killelay
OS=Windows_NT
PROCESSOR_IDENTIFIER=Intel64 Family 6 Model 78 Stepping 3, GenuineIntel



---------------  S Y S T E M  ---------------

OS: Windows 10.0 , 64 bit Build 10586 (10.0.10586.589)

CPU:total 4 (2 cores per cpu, 2 threads per core) family 6 model 78 stepping 3, cmov, cx8, fxsr, mmx, sse, sse2, sse3, ssse3, sse4.1, sse4.2, popcnt, avx, avx2, aes, clmul, erms, 3dnowpref, lzcnt, ht, tsc, tscinvbit, bmi1, bmi2, adx

Memory: 4k page, physical 7937208k(912064k free), swap 13898392k(8776k free)

vm_info: Java HotSpot(TM) 64-Bit Server VM (25.101-b13) for windows-amd64 JRE (1.8.0_101-b13), built on Jun 22 2016 01:21:29 by "java_re" with MS VC++ 10.0 (VS2010)

time: Fri Mar 09 13:26:01 2018
elapsed time: 11 seconds (0d 0h 0m 11s)

